<?xml version="1.0" encoding="UTF-8"?>
<testng-results ignored="0" total="1" passed="1" failed="0" skipped="0">
  <reporter-output>
  </reporter-output>
  <suite started-at="2024-02-28T13:13:18 IST" name="Default suite" finished-at="2024-02-28T13:13:18 IST" duration-ms="100">
    <groups>
    </groups>
    <test started-at="2024-02-28T13:13:18 IST" name="Default test" finished-at="2024-02-28T13:13:18 IST" duration-ms="100">
      <class name="Action_class.new1">
        <test-method signature="abc()[pri:0, instance:Action_class.new1@34a3d150]" started-at="2024-02-28T13:13:18 IST" name="abc" finished-at="2024-02-28T13:13:18 IST" duration-ms="15" status="PASS">
          <reporter-output>
          </reporter-output>
        </test-method> <!-- abc -->
      </class> <!-- Action_class.new1 -->
    </test> <!-- Default test -->
  </suite> <!-- Default suite -->
</testng-results>
